C51 COMPILER V9.59.0.0   UART                                                              03/22/2019 16:02:56 PAGE 1   


C51 COMPILER V9.59.0.0, COMPILATION OF MODULE UART
OBJECT MODULE PLACED IN .\Objects\uart.obj
COMPILER INVOKED BY: D:\Software\Keil_v5\C51\BIN\C51.EXE uart.c OPTIMIZE(8,SPEED) BROWSE DEBUG OBJECTEXTEND PRINT(.\List
                    -ings\uart.lst) TABS(2) OBJECT(.\Objects\uart.obj)

line level    source

   1          #include"head.h"
   2          
   3          /**
   4           * UART初始化
   5           * 波特率：4800
   6          */
   7          void UART_init(void)
   8          {
   9   1      
  10   1        
  11   1       SCON = 0x50;        // 10位uart，允许串行接受
  12   1      
  13   1          TMOD = 0x20;        // 定时器1工作在方式2（自动重装）
  14   1          TH1 = 0xFD;
  15   1          TL1 = 0xFD;
  16   1      
  17   1          TR1 = 1;
  18   1      }
  19          
  20          /**
  21           * UART发送一字节
  22          */
  23          void UART_Send_Byte(uint8 dat)
  24          {
  25   1        TI=0;
  26   1        SBUF = dat;
  27   1        while(!TI);
  28   1        TI = 0;
  29   1      
  30   1      }
  31          
  32          /*
  33           * UART 发送字符串
  34          */
  35          void Uart_Send_String(uint8 *string)
  36          {
  37   1        while(*string)
  38   1          {
  39   2            UART_Send_Byte(*string++);
  40   2          }
  41   1      }


MODULE INFORMATION:   STATIC OVERLAYABLE
   CODE SIZE        =     62    ----
   CONSTANT SIZE    =   ----    ----
   XDATA SIZE       =   ----    ----
   PDATA SIZE       =   ----    ----
   DATA SIZE        =   ----       3
   IDATA SIZE       =   ----    ----
   BIT SIZE         =   ----    ----
END OF MODULE INFORMATION.


C51 COMPILATION COMPLETE.  0 WARNING(S),  0 ERROR(S)
